# JRE version: OpenJDK Runtime Environment (11.0.10) (build 11.0.10+0-b96-7249189)
# Java VM: OpenJDK 64-Bit Server VM (11.0.10+0-b96-7249189, mixed mode, tiered, compressed oops, g1 gc, windows-amd64)
Heap:
 garbage-first heap   total 131072K, used 97106K [0x0000000080000000, 0x0000000100000000)
  region size 1024K, 6 young (6144K), 4 survivors (4096K)
 Metaspace       used 88567K, capacity 90645K, committed 90880K, reserved 1128448K
  class space    used 11230K, capacity 12031K, committed 12032K, reserved 1048576K
GC Heap History (20 events):
Event: 125.406 GC heap before
{Heap before GC invocations=20 (full 0):
 garbage-first heap   total 131072K, used 96256K [0x0000000080000000, 0x0000000100000000)
  region size 1024K, 42 young (43008K), 5 survivors (5120K)
 Metaspace       used 72025K, capacity 73624K, committed 73856K, reserved 1114112K
  class space    used 9202K, capacity 9804K, committed 9856K, reserved 1048576K
}
Event: 125.422 GC heap after
{Heap after GC invocations=21 (full 0):
 garbage-first heap   total 131072K, used 60975K [0x0000000080000000, 0x0000000100000000)
  region size 1024K, 3 young (3072K), 3 survivors (3072K)
 Metaspace       used 72025K, capacity 73624K, committed 73856K, reserved 1114112K
  class space    used 9202K, capacity 9804K, committed 9856K, reserved 1048576K
}
Event: 135.055 GC heap before
{Heap before GC invocations=21 (full 0):
 garbage-first heap   total 131072K, used 97839K [0x0000000080000000, 0x0000000100000000)
  region size 1024K, 39 young (39936K), 3 survivors (3072K)
 Metaspace       used 76000K, capacity 77646K, committed 77696K, reserved 1116160K
  class space    used 9701K, capacity 10323K, committed 10368K, reserved 1048576K
}
Event: 135.069 GC heap after
{Heap after GC invocations=22 (full 0):
 garbage-first heap   total 131072K, used 63606K [0x0000000080000000, 0x0000000100000000)
  region size 1024K, 5 young (5120K), 5 survivors (5120K)
 Metaspace       used 76000K, capacity 77646K, committed 77696K, reserved 1116160K
  class space    used 9701K, capacity 10323K, committed 10368K, reserved 1048576K
}
Event: 136.324 GC heap before
{Heap before GC invocations=23 (full 0):
 garbage-first heap   total 131072K, used 100470K [0x0000000080000000, 0x0000000100000000)
  region size 1024K, 41 young (41984K), 5 survivors (5120K)
 Metaspace       used 79248K, capacity 81077K, committed 81280K, reserved 1120256K
  class space    used 10144K, capacity 10818K, committed 10880K, reserved 1048576K
}
Event: 136.340 GC heap after
{Heap after GC invocations=24 (full 0):
 garbage-first heap   total 131072K, used 65835K [0x0000000080000000, 0x0000000100000000)
  region size 1024K, 5 young (5120K), 5 survivors (5120K)
 Metaspace       used 79248K, capacity 81077K, committed 81280K, reserved 1120256K
  class space    used 10144K, capacity 10818K, committed 10880K, reserved 1048576K
}
Event: 137.694 GC heap before
{Heap before GC invocations=24 (full 0):
 garbage-first heap   total 131072K, used 102699K [0x0000000080000000, 0x0000000100000000)
  region size 1024K, 41 young (41984K), 5 survivors (5120K)
 Metaspace       used 82448K, capacity 84277K, committed 84608K, reserved 1122304K
  class space    used 10597K, capacity 11292K, committed 11392K, reserved 1048576K
}
Event: 137.709 GC heap after
{Heap after GC invocations=25 (full 0):
 garbage-first heap   total 131072K, used 68684K [0x0000000080000000, 0x0000000100000000)
  region size 1024K, 5 young (5120K), 5 survivors (5120K)
 Metaspace       used 82448K, capacity 84277K, committed 84608K, reserved 1122304K
  class space    used 10597K, capacity 11292K, committed 11392K, reserved 1048576K
}
Event: 139.688 GC heap before
{Heap before GC invocations=26 (full 0):
 garbage-first heap   total 131072K, used 104524K [0x0000000080000000, 0x0000000100000000)
  region size 1024K, 40 young (40960K), 5 survivors (5120K)
 Metaspace       used 85545K, capacity 87496K, committed 87680K, reserved 1126400K
  class space    used 10907K, capacity 11646K, committed 11648K, reserved 1048576K
}
Event: 139.707 GC heap after
{Heap after GC invocations=27 (full 0):
 garbage-first heap   total 131072K, used 72162K [0x0000000080000000, 0x0000000100000000)
  region size 1024K, 5 young (5120K), 5 survivors (5120K)
 Metaspace       used 85545K, capacity 87496K, committed 87680K, reserved 1126400K
  class space    used 10907K, capacity 11646K, committed 11648K, reserved 1048576K
}
Event: 141.507 GC heap before
{Heap before GC invocations=27 (full 0):
 garbage-first heap   total 131072K, used 104930K [0x0000000080000000, 0x0000000100000000)
  region size 1024K, 38 young (38912K), 5 survivors (5120K)
 Metaspace       used 86277K, capacity 88331K, committed 88576K, reserved 1126400K
  class space    used 11007K, capacity 11770K, committed 11776K, reserved 1048576K
}
Event: 141.525 GC heap after
{Heap after GC invocations=28 (full 0):
 garbage-first heap   total 131072K, used 75127K [0x0000000080000000, 0x0000000100000000)
  region size 1024K, 3 young (3072K), 3 survivors (3072K)
 Metaspace       used 86277K, capacity 88331K, committed 88576K, reserved 1126400K
  class space    used 11007K, capacity 11770K, committed 11776K, reserved 1048576K
}
Event: 143.056 GC heap before
{Heap before GC invocations=29 (full 0):
 garbage-first heap   total 131072K, used 105847K [0x0000000080000000, 0x0000000100000000)
  region size 1024K, 34 young (34816K), 3 survivors (3072K)
 Metaspace       used 87091K, capacity 89124K, committed 89344K, reserved 1126400K
  class space    used 11116K, capacity 11917K, committed 12032K, reserved 1048576K
}
Event: 143.066 GC heap after
{Heap after GC invocations=30 (full 0):
 garbage-first heap   total 131072K, used 76538K [0x0000000080000000, 0x0000000100000000)
  region size 1024K, 4 young (4096K), 4 survivors (4096K)
 Metaspace       used 87091K, capacity 89124K, committed 89344K, reserved 1126400K
  class space    used 11116K, capacity 11917K, committed 12032K, reserved 1048576K
}
Event: 144.458 GC heap before
{Heap before GC invocations=30 (full 0):
 garbage-first heap   total 131072K, used 107258K [0x0000000080000000, 0x0000000100000000)
  region size 1024K, 35 young (35840K), 4 survivors (4096K)
 Metaspace       used 88309K, capacity 90328K, committed 90368K, reserved 1128448K
  class space    used 11230K, capacity 12032K, committed 12032K, reserved 1048576K
}
Event: 144.480 GC heap after
{Heap after GC invocations=31 (full 0):
 garbage-first heap   total 131072K, used 80445K [0x0000000080000000, 0x0000000100000000)
  region size 1024K, 5 young (5120K), 5 survivors (5120K)
 Metaspace       used 88309K, capacity 90328K, committed 90368K, reserved 1128448K
  class space    used 11230K, capacity 12032K, committed 12032K, reserved 1048576K
}
Event: 145.545 GC heap before
{Heap before GC invocations=32 (full 0):
 garbage-first heap   total 131072K, used 96829K [0x0000000080000000, 0x0000000100000000)
  region size 1024K, 23 young (23552K), 5 survivors (5120K)
 Metaspace       used 88404K, capacity 90453K, committed 90624K, reserved 1128448K
  class space    used 11229K, capacity 12031K, committed 12032K, reserved 1048576K
}
Event: 145.577 GC heap after
{Heap after GC invocations=33 (full 0):
 garbage-first heap   total 131072K, used 86016K [0x0000000080000000, 0x0000000100000000)
  region size 1024K, 5 young (5120K), 5 survivors (5120K)
 Metaspace       used 88404K, capacity 90453K, committed 90624K, reserved 1128448K
  class space    used 11229K, capacity 12031K, committed 12032K, reserved 1048576K
}
Event: 146.558 GC heap before
{Heap before GC invocations=34 (full 0):
 garbage-first heap   total 131072K, used 108544K [0x0000000080000000, 0x0000000100000000)
  region size 1024K, 25 young (25600K), 5 survivors (5120K)
 Metaspace       used 88566K, capacity 90645K, committed 90880K, reserved 1128448K
  class space    used 11230K, capacity 12031K, committed 12032K, reserved 1048576K
}
Event: 146.584 GC heap after
{Heap after GC invocations=35 (full 0):
 garbage-first heap   total 131072K, used 96082K [0x0000000080000000, 0x0000000100000000)
  region size 1024K, 4 young (4096K), 4 survivors (4096K)
 Metaspace       used 88566K, capacity 90645K, committed 90880K, reserved 1128448K
  class space    used 11230K, capacity 12031K, committed 12032K, reserved 1048576K
}

